This is pdfTeX, Version 3.14159265-2.6-1.40.16 (TeX Live 2015/Debian) (preloaded format=pdflatex 2018.9.10)  21 SEP 2018 21:25
entering extended mode
 restricted \write18 enabled.
 %&-line parsing enabled.
**naslovna.tex
(./naslovna.tex
LaTeX2e <2016/02/01>
Babel <3.9q> and hyphenation patterns for 5 language(s) loaded.

! LaTeX Error: Missing \begin{document}.

See the LaTeX manual or LaTeX Companion for explanation.
Type  H <return>  for immediate help.
 ...                                              
                                                  
l.3 \noindent
             
You're in trouble here.  Try typing  <return>  to proceed.
If that doesn't work, type  X <return>  to quit.

! Undefined control sequence.
<recently read> \small 
                       
l.6 	\textup{\small {\bf DIPLOMSKI RAD}}
                                        \\[0.2in]
The control sequence at the end of the top line
of your error message was never \def'ed. If you have
misspelled it (e.g., `\hobx'), type `I' and the correct
spelling (e.g., `I\hbox'). Otherwise just continue,
and I'll forget about whatever was undefined.

! Undefined control sequence.
<argument> \small {\bf 
                       DIPLOMSKI RAD}
l.6 	\textup{\small {\bf DIPLOMSKI RAD}}
                                        \\[0.2in]
The control sequence at the end of the top line
of your error message was never \def'ed. If you have
misspelled it (e.g., `\hobx'), type `I' and the correct
spelling (e.g., `I\hbox'). Otherwise just continue,
and I'll forget about whatever was undefined.


Overfull \hbox (58.19458pt too wide) in paragraph at lines 6--6
 \OT1/cmr/m/n/10 DIPLOMSKI 
 []


Overfull \hbox (22.50003pt too wide) in paragraph at lines 6--6
 \OT1/cmr/m/n/10 RAD 
 []


Overfull \hbox (43.32751pt too wide) in paragraph at lines 9--9
 []\OT1/cmr/m/it/10 Diplomski 
 []


Overfull \hbox (14.96101pt too wide) in paragraph at lines 9--9
 \OT1/cmr/m/it/10 rad 
 []

! Undefined control sequence.
l.11 	\Large
             {\textbf {Komunikacija izmeÄ‘u Linux operativnog sistema i hard...
The control sequence at the end of the top line
of your error message was never \def'ed. If you have
misspelled it (e.g., `\hobx'), type `I' and the correct
spelling (e.g., `I\hbox'). Otherwise just continue,
and I'll forget about whatever was undefined.

Missing character: There is no Ä in font cmbx10!
Missing character: There is no ‘ in font cmbx10!

Overfull \hbox (68.43015pt too wide) in paragraph at lines 11--11
 []\OT1/cmr/bx/n/10 Komunikacija 
 []


Overfull \hbox (29.54846pt too wide) in paragraph at lines 11--11
 \OT1/cmr/bx/n/10 izmeu 
 []


Overfull \hbox (28.63873pt too wide) in paragraph at lines 11--11
 \OT1/cmr/bx/n/10 Linux 
 []


Overfull \hbox (15.97214pt too wide) in paragraph at lines 11--11
 \OT1/cmr/bx/n/10 op- 
 []


Overfull \hbox (13.84023pt too wide) in paragraph at lines 11--11
 \OT1/cmr/bx/n/10 er- 
 []


Overfull \hbox (9.42354pt too wide) in paragraph at lines 11--11
 \OT1/cmr/bx/n/10 a- 
 []


Overfull \hbox (31.62483pt too wide) in paragraph at lines 11--11
 \OT1/cmr/bx/n/10 tivnog 
 []


Overfull \hbox (16.09988pt too wide) in paragraph at lines 11--11
 \OT1/cmr/bx/n/10 sis- 
 []


Overfull \hbox (24.91652pt too wide) in paragraph at lines 11--11
 \OT1/cmr/bx/n/10 tema 
 []


Overfull \hbox (3.19443pt too wide) in paragraph at lines 11--11
 \OT1/cmr/bx/n/10 i 
 []


Overfull \hbox (26.93735pt too wide) in paragraph at lines 11--11
 \OT1/cmr/bx/n/10 hard- 
 []


Overfull \hbox (21.3471pt too wide) in paragraph at lines 11--11
 \OT1/cmr/bx/n/10 vera 
 []


Overfull \hbox (13.84023pt too wide) in paragraph at lines 11--11
 \OT1/cmr/bx/n/10 re- 
 []


Overfull \hbox (12.61797pt too wide) in paragraph at lines 11--11
 \OT1/cmr/bx/n/10 al- 
 []


Overfull \hbox (7.02774pt too wide) in paragraph at lines 11--11
 \OT1/cmr/bx/n/10 i- 
 []


Overfull \hbox (14.69437pt too wide) in paragraph at lines 11--11
 \OT1/cmr/bx/n/10 zo- 
 []


Overfull \hbox (28.90955pt too wide) in paragraph at lines 11--11
 \OT1/cmr/bx/n/10 vanog 
 []


Overfull \hbox (6.38885pt too wide) in paragraph at lines 11--11
 \OT1/cmr/bx/n/10 u 
 []


Overfull \hbox (32.83315pt too wide) in paragraph at lines 11--11
 \OT1/cmr/bx/n/10 FPGA 
 []


! LaTeX Error: Environment table undefined.

See the LaTeX manual or LaTeX Companion for explanation.
Type  H <return>  for immediate help.
 ...                                              
                                                  
l.21 	\begin{table}
                   [h]
Your command was ignored.
Type  I <command> <return>  to replace it with another command,
or  <return>  to continue without it.

Missing character: There is no [ in font nullfont!
Missing character: There is no h in font nullfont!
Missing character: There is no ] in font nullfont!
LaTeX Font Info:    External font `cmex10' loaded for size
(Font)              <7> on input line 23.
LaTeX Font Info:    External font `cmex10' loaded for size
(Font)              <5> on input line 23.
Missing character: There is no D in font nullfont!
Missing character: There is no e in font nullfont!
Missing character: There is no j in font nullfont!
Missing character: There is no a in font nullfont!
Missing character: There is no n in font nullfont!
Missing character: There is no L in font nullfont!
Missing character: There is no u in font nullfont!
Missing character: There is no k in font nullfont!
Missing character: There is no i in font nullfont!
Missing character: There is no Ä in font nullfont!
Missing character: There is no ‡ in font nullfont!
Missing character: There is no 8 in font nullfont!
Missing character: There is no 2 in font nullfont!
Missing character: There is no / in font nullfont!
Missing character: There is no 2 in font nullfont!
Missing character: There is no 0 in font nullfont!
Missing character: There is no 1 in font nullfont!
Missing character: There is no 4 in font nullfont!

! LaTeX Error: \begin{center} on input line 5 ended by \end{table}.

See the LaTeX manual or LaTeX Companion for explanation.
Type  H <return>  for immediate help.
 ...                                              
                                                  
l.26 	\end{table}
                 
Your command was ignored.
Type  I <command> <return>  to replace it with another command,
or  <return>  to continue without it.

Missing character: There is no P in font nullfont!
Missing character: There is no r in font nullfont!
Missing character: There is no e in font nullfont!
Missing character: There is no d in font nullfont!
Missing character: There is no m in font nullfont!
Missing character: There is no e in font nullfont!
Missing character: There is no t in font nullfont!
Missing character: There is no n in font nullfont!
Missing character: There is no i in font nullfont!
Missing character: There is no p in font nullfont!
Missing character: There is no r in font nullfont!
Missing character: There is no o in font nullfont!
Missing character: There is no f in font nullfont!
Missing character: There is no e in font nullfont!
Missing character: There is no s in font nullfont!
Missing character: There is no o in font nullfont!
Missing character: There is no r in font nullfont!
Missing character: There is no : in font nullfont!

Overfull \hbox (27.94426pt too wide) in paragraph at lines 30--30
 []\OT1/cmr/bx/n/10 Lazar 
 []


Overfull \hbox (26.13872pt too wide) in paragraph at lines 30--30
 \OT1/cmr/bx/n/10 Sara- 
 []


Overfull \hbox (27.95122pt too wide) in paragraph at lines 30--30
 \OT1/cmr/bx/n/10 novac 
 []

Missing character: There is no P in font nullfont!
Missing character: There is no r in font nullfont!
Missing character: There is no e in font nullfont!
Missing character: There is no d in font nullfont!
Missing character: There is no m in font nullfont!
Missing character: There is no e in font nullfont!
Missing character: There is no t in font nullfont!
Missing character: There is no n in font nullfont!
Missing character: There is no i in font nullfont!
Missing character: There is no a in font nullfont!
Missing character: There is no s in font nullfont!
Missing character: There is no i in font nullfont!
Missing character: There is no s in font nullfont!
Missing character: There is no t in font nullfont!
Missing character: There is no e in font nullfont!
Missing character: There is no n in font nullfont!
Missing character: There is no t in font nullfont!
Missing character: There is no i in font nullfont!
Missing character: There is no : in font nullfont!
Missing character: There is no Ä in font cmbx10!
Missing character: There is no ‡ in font cmbx10!

Overfull \hbox (46.26361pt too wide) in paragraph at lines 32--32
 []\OT1/cmr/bx/n/10 Strahinja 
 []


Overfull \hbox (38.36783pt too wide) in paragraph at lines 32--32
 \OT1/cmr/bx/n/10 Jankovi 
 []

! Undefined control sequence.
l.34 		\Large
             {Elektrotehni\v cki fakultet}\\
The control sequence at the end of the top line
of your error message was never \def'ed. If you have
misspelled it (e.g., `\hobx'), type `I' and the correct
spelling (e.g., `I\hbox'). Otherwise just continue,
and I'll forget about whatever was undefined.

Missing character: There is no E in font nullfont!
Missing character: There is no l in font nullfont!
Missing character: There is no e in font nullfont!
Missing character: There is no k in font nullfont!
Missing character: There is no t in font nullfont!
Missing character: There is no r in font nullfont!
Missing character: There is no o in font nullfont!
Missing character: There is no t in font nullfont!
Missing character: There is no e in font nullfont!
Missing character: There is no h in font nullfont!
Missing character: There is no n in font nullfont!
Missing character: There is no i in font nullfont!
LaTeX Font Info:    Try loading font information for +cmr on input line 34.
LaTeX Font Info:    No file cmr.fd. on input line 34.

LaTeX Font Warning: Font shape `/cmr/m/n' undefined
(Font)              using `/cmr/m/n' instead on input line 34.

! Corrupted NFSS tables.
wrong@fontshape ...message {Corrupted NFSS tables}
                                                  error@fontshape else let f...
l.34 		\Large{Elektrotehni\v c
                              ki fakultet}\\
This error message was generated by an \errmessage
command, so I can't give any explicit help.
Pretend that you're Hercule Poirot: Examine all clues,
and deduce the truth by order and method.


LaTeX Font Warning: Font shape `/cmr/m/n' undefined
(Font)              using `OT1/cmr/m/n' instead on input line 34.

Missing character: There is no k in font nullfont!
Missing character: There is no i in font nullfont!
Missing character: There is no f in font nullfont!
Missing character: There is no a in font nullfont!
Missing character: There is no k in font nullfont!
Missing character: There is no u in font nullfont!
Missing character: There is no l in font nullfont!
Missing character: There is no t in font nullfont!
Missing character: There is no e in font nullfont!
Missing character: There is no t in font nullfont!

Overfull \hbox (9.44446pt too wide) in paragraph at lines 34--34
 []\/cmr/m/n/10 ^^Tc 
 []


! LaTeX Error: The font size command \normalsize is not defined:
               there is probably something wrong with the class file.

See the LaTeX manual or LaTeX Companion for explanation.
Type  H <return>  for immediate help.
 ...                                              
                                                  
l.35 	\normalsize
                 
Your command was ignored.
Type  I <command> <return>  to replace it with another command,
or  <return>  to continue without it.

Missing character: There is no U in font nullfont!
Missing character: There is no n in font nullfont!
Missing character: There is no i in font nullfont!
Missing character: There is no v in font nullfont!
Missing character: There is no e in font nullfont!
Missing character: There is no r in font nullfont!
Missing character: There is no z in font nullfont!
Missing character: There is no i in font nullfont!
Missing character: There is no t in font nullfont!
Missing character: There is no e in font nullfont!
Missing character: There is no t in font nullfont!
Missing character: There is no u in font nullfont!
Missing character: There is no B in font nullfont!
Missing character: There is no e in font nullfont!
Missing character: There is no o in font nullfont!
Missing character: There is no g in font nullfont!
Missing character: There is no r in font nullfont!
Missing character: There is no a in font nullfont!
Missing character: There is no d in font nullfont!
Missing character: There is no u in font nullfont!
Missing character: There is no L in font nullfont!
Missing character: There is no e in font nullfont!
Missing character: There is no t in font nullfont!
Missing character: There is no n in font nullfont!
Missing character: There is no j in font nullfont!
Missing character: There is no i in font nullfont!
Missing character: There is no s in font nullfont!
Missing character: There is no e in font nullfont!
Missing character: There is no m in font nullfont!
Missing character: There is no e in font nullfont!
Missing character: There is no s in font nullfont!
Missing character: There is no t in font nullfont!
Missing character: There is no a in font nullfont!
Missing character: There is no r in font nullfont!
Missing character: There is no 2 in font nullfont!
Missing character: There is no 0 in font nullfont!
Missing character: There is no 1 in font nullfont!
Missing character: There is no 7 in font nullfont!
Missing character: There is no / in font nullfont!
Missing character: There is no 2 in font nullfont!
Missing character: There is no 0 in font nullfont!
Missing character: There is no 1 in font nullfont!
Missing character: There is no 8 in font nullfont!
)
! Emergency stop.
<*> naslovna.tex
                
*** (job aborted, no legal \end found)

 
Here is how much of TeX's memory you used:
 23 strings out of 494910
 264 string characters out of 6179836
 46442 words of memory out of 5000000
 3412 multiletter control sequences out of 15000+600000
 4294 words of font info for 16 fonts, out of 8000000 for 9000
 36 hyphenation exceptions out of 8191
 19i,6n,16p,136b,144s stack positions out of 5000i,500n,10000p,200000b,80000s
!  ==> Fatal error occurred, no output PDF file produced!
